\BOOKMARK [1][-]{section.1}{Introduction and scope}{}% 1
\BOOKMARK [1][-]{section.2}{Building codes}{}% 2
\BOOKMARK [1][-]{section.3}{Loading criteria}{}% 3
\BOOKMARK [2][-]{subsection.3.1}{Gravity loading}{section.3}% 4
\BOOKMARK [2][-]{subsection.3.2}{Wind design criteria}{section.3}% 5
\BOOKMARK [2][-]{subsection.3.3}{Snow loading}{section.3}% 6
\BOOKMARK [1][-]{section.4}{Seismic design criteria}{}% 7
\BOOKMARK [1][-]{section.5}{Materials}{}% 8
\BOOKMARK [1][-]{section.6}{Design and analysis software}{}% 9
\BOOKMARK [1][-]{section.7}{Load combinations}{}% 10
\BOOKMARK [1][-]{section.8}{Structural model}{}% 11
\BOOKMARK [1][-]{figure.10}{Appendices}{}% 12
\BOOKMARK [2][-]{subsection.Alph0.1}{Loading criteria}{figure.10}% 13
\BOOKMARK [3][-]{subsubsection.Alph0.1.1}{Dead loads}{subsection.Alph0.1}% 14
\BOOKMARK [3][-]{subsubsection.Alph0.1.2}{Live loads}{subsection.Alph0.1}% 15
\BOOKMARK [3][-]{subsubsection.Alph0.1.3}{Snow loads}{subsection.Alph0.1}% 16
\BOOKMARK [3][-]{subsubsection.Alph0.1.4}{Wind loads}{subsection.Alph0.1}% 17
\BOOKMARK [3][-]{subsubsection.Alph0.1.5}{Earthquake loads}{subsection.Alph0.1}% 18
\BOOKMARK [2][-]{subsection.Alph0.2}{Calculation results. Internal forces on columns}{figure.10}% 19
\BOOKMARK [3][-]{subsubsection.Alph0.2.1}{Ultimate limit states}{subsection.Alph0.2}% 20
\BOOKMARK [3][-]{subsubsection.Alph0.2.2}{Serviceability limit states}{subsection.Alph0.2}% 21
